<?xml version="1.0" encoding="UTF-8"?>
<testng-results ignored="0" total="2" passed="2" failed="0" skipped="0">
  <reporter-output>
  </reporter-output>
  <suite started-at="2023-06-27T16:25:19 IST" name="Default suite" finished-at="2023-06-27T16:25:39 IST" duration-ms="19880">
    <groups>
    </groups>
    <test started-at="2023-06-27T16:25:19 IST" name="Default test" finished-at="2023-06-27T16:25:39 IST" duration-ms="19880">
      <class name="jun23.Advance_Reports">
        <test-method is-config="true" signature="generateReport()[pri:0, instance:jun23.Advance_Reports@3b69e7d1]" started-at="2023-06-27T16:25:19 IST" name="generateReport" finished-at="2023-06-27T16:25:20 IST" duration-ms="372" status="PASS">
          <reporter-output>
          </reporter-output>
        </test-method> <!-- generateReport -->
        <test-method is-config="true" signature="setUp()[pri:0, instance:jun23.Advance_Reports@3b69e7d1]" started-at="2023-06-27T16:25:20 IST" name="setUp" finished-at="2023-06-27T16:25:30 IST" duration-ms="10265" status="PASS">
          <reporter-output>
          </reporter-output>
        </test-method> <!-- setUp -->
        <test-method signature="testPass()[pri:0, instance:jun23.Advance_Reports@3b69e7d1]" started-at="2023-06-27T16:25:30 IST" name="testPass" finished-at="2023-06-27T16:25:30 IST" duration-ms="272" status="PASS">
          <reporter-output>
          </reporter-output>
        </test-method> <!-- testPass -->
        <test-method is-config="true" signature="tearDown()[pri:0, instance:jun23.Advance_Reports@3b69e7d1]" started-at="2023-06-27T16:25:30 IST" name="tearDown" finished-at="2023-06-27T16:25:33 IST" duration-ms="2774" status="PASS">
          <reporter-output>
          </reporter-output>
        </test-method> <!-- tearDown -->
        <test-method is-config="true" signature="setUp()[pri:0, instance:jun23.Advance_Reports@3b69e7d1]" started-at="2023-06-27T16:25:33 IST" name="setUp" finished-at="2023-06-27T16:25:39 IST" duration-ms="5596" status="PASS">
          <reporter-output>
          </reporter-output>
        </test-method> <!-- setUp -->
        <test-method signature="testfail()[pri:0, instance:jun23.Advance_Reports@3b69e7d1]" started-at="2023-06-27T16:25:39 IST" name="testfail" finished-at="2023-06-27T16:25:39 IST" duration-ms="13" status="PASS">
          <reporter-output>
          </reporter-output>
        </test-method> <!-- testfail -->
        <test-method is-config="true" signature="tearDown()[pri:0, instance:jun23.Advance_Reports@3b69e7d1]" started-at="2023-06-27T16:25:39 IST" name="tearDown" finished-at="2023-06-27T16:25:39 IST" duration-ms="514" status="PASS">
          <reporter-output>
          </reporter-output>
        </test-method> <!-- tearDown -->
      </class> <!-- jun23.Advance_Reports -->
    </test> <!-- Default test -->
  </suite> <!-- Default suite -->
</testng-results>
